<?xml version="1.0" encoding="UTF-8"?>
<testng-results skipped="0" failed="0" total="1" passed="1">
  <reporter-output>
  </reporter-output>
  <suite name="Default suite" duration-ms="71" started-at="2019-01-08T11:34:14Z" finished-at="2019-01-08T11:34:14Z">
    <groups>
    </groups>
    <test name="Default test" duration-ms="71" started-at="2019-01-08T11:34:14Z" finished-at="2019-01-08T11:34:14Z">
      <class name="LoginTest">
        <test-method status="PASS" signature="LoginUXTest()[pri:0, instance:LoginTest@66d33a]" name="LoginUXTest" duration-ms="47" started-at="2019-01-08T17:04:14Z" finished-at="2019-01-08T17:04:14Z">
          <reporter-output>
          </reporter-output>
        </test-method> <!-- LoginUXTest -->
      </class> <!-- LoginTest -->
    </test> <!-- Default test -->
  </suite> <!-- Default suite -->
</testng-results>
